<?xml version="1.0" encoding="UTF-8"?>
<testsuite xmlns:xsi="http://www.w3.org/2001/XMLSchema-instance" xsi:noNamespaceSchemaLocation="https://maven.apache.org/surefire/maven-surefire-plugin/xsd/surefire-test-report-3.0.xsd" version="3.0" name="com.furnituredesign.models.FurnitureTest" time="0.031" tests="3" errors="1" skipped="0" failures="1">
  <properties>
[...]
</properties>
  <testcase name="testFurniturePosition" classname="com.furnituredesign.models.FurnitureTest" time="0.004"/>
  <testcase name="testFurnitureCreation" classname="com.furnituredesign.models.FurnitureTest" time="0.006">
    <error message="Unresolved compilation problem: &#10;	The method getType() is undefined for the type Material&#10;" type="java.lang.Error"><![CDATA[java.lang.Error: 
Unresolved compilation problem: 
	The method getType() is undefined for the type Material

	at com.furnituredesign.models.FurnitureTest.testFurnitureCreation(FurnitureTest.java:32)
	at java.base/java.lang.reflect.Method.invoke(Method.java:580)
	at java.base/java.util.ArrayList.forEach(ArrayList.java:1597)
	at java.base/java.util.ArrayList.forEach(ArrayList.java:1597)
]]></error>
  </testcase>
  <testcase name="testFurnitureDuplication" classname="com.furnituredesign.models.FurnitureTest" time="0.007">
    <failure message="expected: &lt;5.0&gt; but was: &lt;5.3&gt;" type="org.opentest4j.AssertionFailedError"><![CDATA[org.opentest4j.AssertionFailedError: expected: <5.0> but was: <5.3>
	at org.junit.jupiter.api.AssertionFailureBuilder.build(AssertionFailureBuilder.java:151)
	at org.junit.jupiter.api.AssertionFailureBuilder.buildAndThrow(AssertionFailureBuilder.java:132)
	at org.junit.jupiter.api.AssertEquals.failNotEqual(AssertEquals.java:197)
	at org.junit.jupiter.api.AssertEquals.assertEquals(AssertEquals.java:70)
	at org.junit.jupiter.api.AssertEquals.assertEquals(AssertEquals.java:65)
	at org.junit.jupiter.api.Assertions.assertEquals(Assertions.java:885)
	at com.furnituredesign.models.FurnitureTest.testFurnitureDuplication(FurnitureTest.java:67)
	at java.base/java.lang.reflect.Method.invoke(Method.java:580)
	at java.base/java.util.ArrayList.forEach(ArrayList.java:1597)
	at java.base/java.util.ArrayList.forEach(ArrayList.java:1597)
]]></failure>
  </testcase>
</testsuite>